{
  "RSpec": {
    "coverage": {
      "/Users/wufengjin/Desktop/ServiceSecurity/DramaConnect/spec/test_load_all.rb": {
        "lines": [
          null,
          null,
          1,
          1,
          null,
          1,
          null,
          1,
          1,
          1,
          null
        ]
      },
      "/Users/wufengjin/Desktop/ServiceSecurity/DramaConnect/require_app.rb": {
        "lines": [
          null,
          null,
          null,
          null,
          null,
          null,
          null,
          null,
          null,
          1,
          8,
          2,
          null,
          2,
          46,
          null,
          null
        ]
      },
      "/Users/wufengjin/Desktop/ServiceSecurity/DramaConnect/config/environments.rb": {
        "lines": [
          null,
          null,
          1,
          1,
          1,
          1,
          1,
          null,
          1,
          null,
          1,
          1,
          null,
          null,
          1,
          null,
          1,
          null,
          null,
          null,
          1,
          1,
          null,
          null,
          1,
          1,
          1,
          null,
          null,
          1,
          0,
          null,
          null,
          1,
          1,
          null,
          null,
          1,
          1,
          null,
          null,
          1,
          1,
          1,
          null,
          null,
          null
        ]
      },
      "/Users/wufengjin/Desktop/ServiceSecurity/DramaConnect/app/lib/auth_scope.rb": {
        "lines": [
          null,
          null,
          null,
          1,
          1,
          1,
          1,
          1,
          1,
          null,
          1,
          1,
          null,
          1,
          64,
          64,
          129,
          null,
          null,
          1,
          16,
          null,
          null,
          1,
          34,
          null,
          null,
          1,
          33,
          null,
          null,
          1,
          null,
          1,
          21,
          null,
          null,
          1,
          62,
          null,
          null,
          1,
          73,
          null,
          null,
          1,
          65,
          65,
          65,
          null,
          null
        ]
      },
      "/Users/wufengjin/Desktop/ServiceSecurity/DramaConnect/app/lib/auth_token.rb": {
        "lines": [
          null,
          null,
          1,
          1,
          1,
          null,
          null,
          null,
          null,
          null,
          null,
          1,
          1,
          null,
          1,
          1,
          1,
          1,
          1,
          null,
          1,
          1,
          null,
          null,
          1,
          27,
          27,
          27,
          27,
          27,
          null,
          null,
          1,
          27,
          null,
          null,
          1,
          54,
          null,
          0,
          null,
          null,
          null,
          1,
          null,
          null,
          1,
          27,
          null,
          null,
          1,
          null,
          null,
          1,
          33,
          null,
          null,
          null,
          null,
          null,
          null,
          null,
          1,
          33,
          null,
          33,
          33,
          33,
          null,
          null,
          null,
          1,
          27,
          null,
          27,
          27,
          27,
          null,
          0,
          null,
          null,
          1,
          33,
          null,
          null
        ]
      },
      "/Users/wufengjin/Desktop/ServiceSecurity/DramaConnect/app/lib/securable.rb": {
        "lines": [
          null,
          null,
          1,
          1,
          null,
          null,
          1,
          1,
          null,
          null,
          1,
          0,
          0,
          null,
          null,
          null,
          1,
          2,
          null,
          2,
          null,
          null,
          1,
          252,
          null,
          null,
          null,
          1,
          178,
          178,
          null,
          null,
          null,
          1,
          74,
          74,
          null,
          null
        ]
      },
      "/Users/wufengjin/Desktop/ServiceSecurity/DramaConnect/app/lib/key_stretch.rb": {
        "lines": [
          null,
          null,
          1,
          1,
          null,
          null,
          1,
          1,
          80,
          null,
          null,
          1,
          114,
          114,
          114,
          null,
          114,
          null,
          null,
          null,
          null,
          null
        ]
      },
      "/Users/wufengjin/Desktop/ServiceSecurity/DramaConnect/app/lib/secure_db.rb": {
        "lines": [
          null,
          null,
          null,
          null,
          null,
          1,
          null,
          null,
          1,
          1,
          null,
          null,
          1,
          145,
          null,
          145,
          145,
          null,
          null,
          null,
          1,
          47,
          null,
          47,
          47,
          null,
          null
        ]
      },
      "/Users/wufengjin/Desktop/ServiceSecurity/DramaConnect/app/lib/signed_request.rb": {
        "lines": [
          null,
          null,
          1,
          1,
          null,
          null,
          1,
          1,
          null,
          1,
          15,
          15,
          null,
          null,
          1,
          0,
          0,
          null,
          0,
          null,
          null,
          null,
          1,
          8,
          8,
          null,
          null,
          null,
          1,
          7,
          7,
          null,
          7,
          null,
          7,
          null,
          null,
          1,
          null,
          1,
          8,
          7,
          7,
          null,
          1,
          null,
          null
        ]
      },
      "/Users/wufengjin/Desktop/ServiceSecurity/DramaConnect/app/models/account.rb": {
        "lines": [
          null,
          null,
          1,
          1,
          1,
          null,
          1,
          null,
          1,
          1,
          1,
          null,
          null,
          null,
          null,
          1,
          null,
          null,
          null,
          1,
          1,
          null,
          1,
          null,
          1,
          1,
          null,
          null,
          null,
          null,
          1,
          6,
          null,
          null,
          1,
          77,
          null,
          null,
          1,
          32,
          32,
          null,
          null,
          1,
          45,
          null,
          null,
          null,
          null,
          null,
          null,
          null,
          null,
          null,
          null,
          null,
          null,
          null
        ]
      },
      "/Users/wufengjin/Desktop/ServiceSecurity/DramaConnect/app/models/password.rb": {
        "lines": [
          null,
          null,
          1,
          1,
          null,
          1,
          null,
          1,
          1,
          null,
          1,
          114,
          114,
          null,
          null,
          1,
          34,
          34,
          null,
          null,
          1,
          80,
          null,
          null,
          null,
          null,
          1,
          null,
          1,
          80,
          80,
          80,
          null,
          null,
          1,
          34,
          34,
          34,
          34,
          null,
          null,
          null
        ]
      },
      "/Users/wufengjin/Desktop/ServiceSecurity/DramaConnect/app/models/drama.rb": {
        "lines": [
          null,
          null,
          1,
          1,
          null,
          1,
          null,
          1,
          1,
          null,
          1,
          1,
          1,
          1,
          null,
          null,
          null,
          1,
          7,
          null,
          null,
          1,
          11,
          null,
          null,
          1,
          5,
          null,
          null,
          1,
          11,
          null,
          null,
          1,
          5,
          null,
          null,
          1,
          11,
          null,
          null,
          1,
          4,
          null,
          null,
          1,
          11,
          null,
          null,
          null,
          1,
          4,
          null,
          null,
          null,
          null,
          null,
          null,
          null,
          null,
          null,
          null,
          null,
          null,
          null,
          null,
          null,
          null,
          null,
          null,
          null,
          null,
          null,
          null,
          null,
          null
        ]
      },
      "/Users/wufengjin/Desktop/ServiceSecurity/DramaConnect/app/models/dramalist.rb": {
        "lines": [
          null,
          null,
          1,
          1,
          null,
          1,
          null,
          1,
          1,
          null,
          1,
          1,
          null,
          null,
          null,
          null,
          1,
          1,
          1,
          1,
          1,
          null,
          null,
          1,
          13,
          null,
          null,
          1,
          49,
          null,
          null,
          1,
          11,
          null,
          null,
          1,
          49,
          null,
          null,
          1,
          null,
          11,
          null,
          null,
          null,
          null,
          null,
          null,
          null,
          null,
          null,
          null,
          1,
          1,
          null,
          null,
          null,
          null,
          null,
          null,
          null,
          null,
          1,
          6,
          null,
          null,
          null
        ]
      },
      "/Users/wufengjin/Desktop/ServiceSecurity/DramaConnect/app/models/github_account.rb": {
        "lines": [
          null,
          null,
          1,
          null,
          1,
          1,
          2,
          null,
          null,
          1,
          2,
          null,
          null,
          1,
          2,
          null,
          null,
          1,
          2,
          null,
          null,
          null
        ]
      },
      "/Users/wufengjin/Desktop/ServiceSecurity/DramaConnect/app/policies/account_policy.rb": {
        "lines": [
          null,
          null,
          null,
          1,
          1,
          4,
          4,
          null,
          null,
          1,
          4,
          null,
          null,
          1,
          2,
          null,
          null,
          1,
          0,
          null,
          null,
          1,
          null,
          0,
          null,
          null,
          null,
          null,
          null,
          1,
          null,
          1,
          2,
          null,
          null
        ]
      },
      "/Users/wufengjin/Desktop/ServiceSecurity/DramaConnect/app/policies/drama_policy.rb": {
        "lines": [
          null,
          null,
          null,
          1,
          1,
          4,
          4,
          4,
          null,
          null,
          1,
          4,
          null,
          null,
          1,
          3,
          null,
          null,
          1,
          3,
          null,
          null,
          1,
          null,
          2,
          null,
          null,
          null,
          null,
          null,
          1,
          null,
          1,
          4,
          null,
          null,
          1,
          6,
          null,
          null,
          1,
          10,
          10,
          null,
          null,
          1,
          1,
          null,
          null
        ]
      },
      "/Users/wufengjin/Desktop/ServiceSecurity/DramaConnect/app/policies/dramalist_policy.rb": {
        "lines": [
          null,
          null,
          1,
          null,
          1,
          1,
          21,
          21,
          21,
          null,
          null,
          1,
          7,
          null,
          null,
          null,
          1,
          6,
          null,
          null,
          1,
          6,
          null,
          null,
          1,
          8,
          null,
          null,
          1,
          5,
          null,
          null,
          1,
          8,
          null,
          null,
          1,
          6,
          null,
          null,
          1,
          8,
          null,
          null,
          1,
          null,
          5,
          null,
          null,
          null,
          null,
          null,
          null,
          null,
          null,
          null,
          null,
          1,
          null,
          1,
          7,
          null,
          null,
          1,
          39,
          null,
          null,
          1,
          26,
          null,
          null,
          1,
          3,
          null,
          null,
          null
        ]
      },
      "/Users/wufengjin/Desktop/ServiceSecurity/DramaConnect/app/policies/dramalist_scopes.rb": {
        "lines": [
          null,
          null,
          1,
          null,
          1,
          null,
          1,
          1,
          1,
          1,
          1,
          1,
          1,
          1,
          null,
          null,
          1,
          1,
          1,
          null,
          0,
          0,
          null,
          null,
          null,
          null,
          1,
          0,
          null,
          null,
          1,
          0,
          null,
          null,
          1,
          null,
          1,
          1,
          2,
          2,
          null,
          null,
          null,
          1,
          1,
          0,
          0,
          null,
          null,
          null,
          1,
          1,
          1,
          2,
          2,
          null,
          null,
          null,
          1,
          0,
          null,
          null,
          null,
          null
        ]
      },
      "/Users/wufengjin/Desktop/ServiceSecurity/DramaConnect/app/policies/visiting_request_policy.rb": {
        "lines": [
          null,
          null,
          1,
          null,
          1,
          1,
          5,
          5,
          5,
          5,
          5,
          5,
          null,
          null,
          1,
          4,
          3,
          null,
          null,
          1,
          1,
          1,
          null,
          null,
          1,
          null,
          1,
          5,
          null,
          null,
          1,
          1,
          null,
          null,
          null
        ]
      },
      "/Users/wufengjin/Desktop/ServiceSecurity/DramaConnect/app/services/add_visitor.rb": {
        "lines": [
          null,
          null,
          1,
          null,
          1,
          null,
          1,
          1,
          1,
          null,
          null,
          null,
          1,
          4,
          4,
          4,
          null,
          2,
          2,
          null,
          null,
          null
        ]
      },
      "/Users/wufengjin/Desktop/ServiceSecurity/DramaConnect/app/services/authenticate_account.rb": {
        "lines": [
          null,
          null,
          1,
          null,
          1,
          null,
          1,
          1,
          1,
          1,
          null,
          null,
          1,
          0,
          null,
          null,
          null,
          1,
          30,
          30,
          null,
          29,
          null,
          1,
          null,
          null,
          1,
          null,
          29,
          null,
          null,
          null,
          null,
          null,
          null,
          null,
          null
        ]
      },
      "/Users/wufengjin/Desktop/ServiceSecurity/DramaConnect/app/services/authorize_account.rb": {
        "lines": [
          null,
          null,
          1,
          null,
          1,
          null,
          1,
          1,
          0,
          null,
          null,
          null,
          1,
          2,
          2,
          2,
          null,
          2,
          null,
          2,
          null,
          null,
          1,
          null,
          0,
          null,
          null,
          null,
          null,
          null,
          null,
          1,
          null,
          2,
          null,
          null,
          null,
          null,
          null,
          null,
          null,
          null
        ]
      },
      "/Users/wufengjin/Desktop/ServiceSecurity/DramaConnect/app/services/authorize_sso.rb": {
        "lines": [
          null,
          null,
          1,
          null,
          1,
          null,
          1,
          1,
          2,
          2,
          null,
          2,
          null,
          null,
          1,
          2,
          null,
          null,
          null,
          null,
          null,
          2,
          null,
          2,
          2,
          null,
          null,
          1,
          2,
          null,
          null,
          null,
          1,
          null,
          2,
          null,
          null,
          null,
          null,
          null,
          null,
          null,
          null
        ]
      },
      "/Users/wufengjin/Desktop/ServiceSecurity/DramaConnect/app/services/create_drama.rb": {
        "lines": [
          null,
          null,
          1,
          null,
          1,
          null,
          1,
          1,
          1,
          null,
          null,
          null,
          null,
          1,
          1,
          1,
          null,
          null,
          null,
          1,
          3,
          3,
          null,
          2,
          null,
          null,
          1,
          2,
          null,
          1,
          null,
          null,
          null
        ]
      },
      "/Users/wufengjin/Desktop/ServiceSecurity/DramaConnect/app/services/create_dramalist_for_owner.rb": {
        "lines": [
          null,
          null,
          1,
          null,
          1,
          null,
          1,
          1,
          0,
          null,
          null,
          null,
          null,
          1,
          0,
          null,
          0,
          null,
          null,
          null
        ]
      },
      "/Users/wufengjin/Desktop/ServiceSecurity/DramaConnect/app/services/get_account_list.rb": {
        "lines": [
          null,
          null,
          1,
          null,
          1,
          null,
          1,
          1,
          1,
          1,
          null,
          null,
          null,
          null
        ]
      },
      "/Users/wufengjin/Desktop/ServiceSecurity/DramaConnect/app/services/get_drama_query.rb": {
        "lines": [
          null,
          null,
          1,
          null,
          1,
          null,
          1,
          1,
          1,
          null,
          null,
          null,
          null,
          1,
          1,
          1,
          null,
          null,
          null,
          null,
          1,
          3,
          null,
          2,
          2,
          null,
          1,
          1,
          null,
          null,
          null
        ]
      },
      "/Users/wufengjin/Desktop/ServiceSecurity/DramaConnect/app/services/get_dramalist_query.rb": {
        "lines": [
          null,
          null,
          1,
          null,
          1,
          null,
          1,
          1,
          1,
          null,
          null,
          null,
          null,
          1,
          1,
          2,
          null,
          null,
          null,
          1,
          4,
          null,
          2,
          2,
          null,
          1,
          null,
          null,
          null
        ]
      },
      "/Users/wufengjin/Desktop/ServiceSecurity/DramaConnect/app/services/remove_drama.rb": {
        "lines": [
          null,
          null,
          1,
          null,
          1,
          null,
          1,
          1,
          0,
          null,
          null,
          null,
          1,
          1,
          1,
          1,
          null,
          1,
          null,
          null,
          null
        ]
      },
      "/Users/wufengjin/Desktop/ServiceSecurity/DramaConnect/app/services/remove_dramalist.rb": {
        "lines": [
          null,
          null,
          1,
          null,
          1,
          null,
          1,
          1,
          0,
          null,
          null,
          null,
          1,
          1,
          1,
          1,
          null,
          1,
          null,
          null,
          null
        ]
      },
      "/Users/wufengjin/Desktop/ServiceSecurity/DramaConnect/app/services/remove_visitor.rb": {
        "lines": [
          null,
          null,
          1,
          null,
          1,
          null,
          1,
          1,
          1,
          null,
          null,
          null,
          1,
          2,
          2,
          2,
          1,
          1,
          null,
          1,
          1,
          null,
          null,
          null
        ]
      },
      "/Users/wufengjin/Desktop/ServiceSecurity/DramaConnect/app/services/update_account.rb": {
        "lines": [
          null,
          null,
          1,
          null,
          1,
          null,
          1,
          1,
          1,
          null,
          null,
          null,
          null,
          1,
          1,
          0,
          null,
          null,
          null,
          1,
          2,
          2,
          2,
          null,
          1,
          null,
          0,
          null,
          null,
          null
        ]
      },
      "/Users/wufengjin/Desktop/ServiceSecurity/DramaConnect/app/services/update_drama.rb": {
        "lines": [
          null,
          null,
          1,
          null,
          1,
          null,
          1,
          1,
          0,
          null,
          null,
          null,
          null,
          1,
          1,
          0,
          null,
          null,
          null,
          1,
          1,
          1,
          1,
          null,
          1,
          null,
          0,
          null,
          null,
          null
        ]
      },
      "/Users/wufengjin/Desktop/ServiceSecurity/DramaConnect/app/services/update_dramalist.rb": {
        "lines": [
          null,
          null,
          1,
          null,
          1,
          null,
          1,
          1,
          0,
          null,
          null,
          null,
          null,
          1,
          1,
          0,
          null,
          null,
          null,
          1,
          1,
          1,
          1,
          null,
          1,
          null,
          0,
          null,
          null,
          null
        ]
      },
      "/Users/wufengjin/Desktop/ServiceSecurity/DramaConnect/app/services/verify_registration.rb": {
        "lines": [
          null,
          null,
          1,
          null,
          1,
          null,
          null,
          null,
          1,
          null,
          1,
          1,
          null,
          1,
          0,
          null,
          null,
          1,
          1,
          1,
          null,
          1,
          0,
          0,
          null,
          0,
          null,
          null,
          1,
          0,
          null,
          null,
          1,
          0,
          null,
          null,
          1,
          0,
          null,
          null,
          null,
          null,
          null,
          null,
          null,
          1,
          null,
          0,
          null,
          null,
          null,
          null,
          null,
          null,
          null,
          null,
          null,
          null,
          null,
          1,
          0,
          null,
          0,
          null,
          0,
          null,
          null,
          null,
          null
        ]
      },
      "/Users/wufengjin/Desktop/ServiceSecurity/DramaConnect/app/controllers/accounts.rb": {
        "lines": [
          null,
          null,
          1,
          1,
          null,
          1,
          null,
          1,
          1,
          11,
          11,
          5,
          null,
          null,
          4,
          2,
          null,
          null,
          null,
          null,
          2,
          null,
          0,
          0,
          null,
          null,
          null,
          2,
          2,
          2,
          null,
          null,
          null,
          null,
          1,
          1,
          null,
          1,
          null,
          0,
          null,
          0,
          null,
          null,
          null,
          null,
          6,
          4,
          3,
          null,
          2,
          2,
          2,
          null,
          1,
          1,
          null,
          1,
          null,
          0,
          0,
          null,
          null,
          null,
          2,
          2,
          1,
          1,
          1,
          null,
          null,
          null,
          null
        ]
      },
      "/Users/wufengjin/Desktop/ServiceSecurity/DramaConnect/app/controllers/app.rb": {
        "lines": [
          null,
          null,
          null,
          1,
          1,
          1,
          null,
          1,
          null,
          1,
          1,
          1,
          1,
          1,
          null,
          1,
          null,
          1,
          null,
          1,
          43,
          null,
          43,
          null,
          null,
          null,
          43,
          43,
          null,
          0,
          null,
          0,
          null,
          null,
          43,
          1,
          null,
          null,
          42,
          42,
          42,
          42,
          null,
          null,
          null,
          null,
          null
        ]
      },
      "/Users/wufengjin/Desktop/ServiceSecurity/DramaConnect/app/controllers/helpers.rb": {
        "lines": [
          null,
          null,
          1,
          null,
          1,
          1,
          1,
          null,
          1,
          43,
          null,
          null,
          1,
          43,
          null,
          26,
          26,
          null,
          26,
          null,
          null,
          1,
          26,
          26,
          null,
          26,
          null,
          null,
          null,
          null
        ]
      },
      "/Users/wufengjin/Desktop/ServiceSecurity/DramaConnect/app/controllers/auth.rb": {
        "lines": [
          null,
          null,
          1,
          1,
          null,
          1,
          null,
          1,
          1,
          null,
          null,
          4,
          null,
          0,
          null,
          null,
          4,
          null,
          0,
          0,
          null,
          0,
          0,
          null,
          0,
          null,
          0,
          0,
          null,
          0,
          0,
          null,
          null,
          null,
          4,
          null,
          2,
          2,
          1,
          null,
          null,
          1,
          null,
          null,
          null,
          null,
          2,
          2,
          2,
          null,
          0,
          0,
          0,
          null,
          null,
          null,
          null
        ]
      },
      "/Users/wufengjin/Desktop/ServiceSecurity/DramaConnect/app/controllers/dramalists.rb": {
        "lines": [
          null,
          null,
          1,
          null,
          1,
          null,
          1,
          1,
          23,
          null,
          18,
          null,
          null,
          18,
          0,
          0,
          0,
          null,
          null,
          0,
          0,
          null,
          0,
          null,
          0,
          null,
          0,
          0,
          null,
          null,
          18,
          1,
          null,
          null,
          null,
          1,
          null,
          null,
          0,
          null,
          0,
          null,
          null,
          17,
          1,
          1,
          1,
          1,
          null,
          null,
          null,
          null,
          1,
          1,
          1,
          null,
          0,
          null,
          0,
          null,
          0,
          0,
          null,
          null,
          16,
          0,
          0,
          0,
          0,
          null,
          null,
          null,
          null,
          null,
          null,
          16,
          0,
          0,
          0,
          0,
          null,
          0,
          null,
          null,
          16,
          13,
          null,
          13,
          4,
          null,
          null,
          1,
          1,
          null,
          1,
          null,
          2,
          null,
          0,
          0,
          null,
          null,
          null,
          9,
          1,
          1,
          1,
          1,
          null,
          null,
          null,
          null,
          1,
          1,
          1,
          null,
          0,
          null,
          0,
          null,
          0,
          null,
          null,
          8,
          null,
          3,
          3,
          3,
          3,
          3,
          null,
          null,
          null,
          null,
          1,
          null,
          1,
          1,
          null,
          1,
          null,
          1,
          null,
          0,
          0,
          null,
          null,
          null,
          5,
          null,
          4,
          2,
          2,
          2,
          null,
          null,
          null,
          null,
          null,
          1,
          null,
          1,
          null,
          0,
          null,
          null,
          null,
          2,
          2,
          2,
          2,
          null,
          null,
          null,
          null,
          null,
          1,
          null,
          null,
          1,
          null,
          0,
          null,
          null,
          null,
          null,
          1,
          1,
          1,
          null,
          null,
          null,
          null,
          1,
          null,
          null,
          0,
          null,
          0,
          null,
          null,
          null,
          3,
          null,
          3,
          1,
          1,
          null,
          0,
          null,
          null,
          null,
          2,
          2,
          2,
          2,
          2,
          null,
          2,
          null,
          1,
          1,
          1,
          null,
          1,
          1,
          null,
          0,
          0,
          null,
          null,
          null,
          null,
          null
        ]
      },
      "/Users/wufengjin/Desktop/ServiceSecurity/DramaConnect/app/controllers/dramas.rb": {
        "lines": [
          null,
          null,
          1,
          null,
          1,
          null,
          1,
          1,
          4,
          null,
          3,
          null,
          null,
          3,
          3,
          null,
          3,
          3,
          null,
          null,
          null,
          1,
          null,
          1,
          null,
          1,
          null,
          0,
          0,
          null,
          null,
          null,
          null,
          null
        ]
      },
      "/Users/wufengjin/Desktop/ServiceSecurity/DramaConnect/spec/intergration/api_accounts_spec.rb": {
        "lines": [
          null,
          null,
          1,
          null,
          1,
          1,
          null,
          1,
          9,
          9,
          null,
          null,
          1,
          1,
          1,
          1,
          null,
          1,
          1,
          1,
          null,
          1,
          1,
          1,
          1,
          1,
          1,
          1,
          null,
          1,
          1,
          1,
          null,
          1,
          1,
          null,
          1,
          1,
          1,
          null,
          1,
          1,
          1,
          null,
          1,
          1,
          null,
          1,
          1,
          1,
          null,
          1,
          1,
          null,
          null,
          null,
          1,
          1,
          3,
          null,
          null,
          1,
          1,
          null,
          1,
          1,
          null,
          1,
          1,
          null,
          1,
          1,
          1,
          1,
          null,
          null,
          1,
          1,
          1,
          1,
          null,
          null,
          1,
          1,
          null,
          null,
          1,
          1,
          1,
          1,
          null,
          null,
          null,
          1,
          1,
          2,
          2,
          2,
          null,
          null,
          1,
          1,
          null,
          1,
          1,
          1,
          null,
          1,
          1,
          1,
          1,
          null,
          1,
          1,
          1,
          null,
          null,
          1,
          1,
          null,
          1,
          null,
          1,
          1,
          null,
          1,
          null,
          null,
          null
        ]
      },
      "/Users/wufengjin/Desktop/ServiceSecurity/DramaConnect/spec/intergration/api_auth_spec.rb": {
        "lines": [
          null,
          null,
          1,
          1,
          null,
          1,
          1,
          null,
          1,
          4,
          4,
          null,
          null,
          1,
          1,
          2,
          2,
          null,
          null,
          1,
          1,
          null,
          1,
          null,
          null,
          null,
          1,
          1,
          1,
          1,
          1,
          1,
          null,
          null,
          1,
          1,
          null,
          null,
          1,
          null,
          null,
          null,
          1,
          null,
          1,
          1,
          1,
          null,
          null,
          1,
          1,
          2,
          2,
          null,
          null,
          null,
          null,
          null,
          1,
          2,
          null,
          null,
          1,
          1,
          null,
          1,
          null,
          null,
          null,
          null,
          null,
          1,
          1,
          null,
          1,
          1,
          1,
          1,
          null,
          null,
          1,
          1,
          null,
          null,
          null,
          null,
          null,
          1,
          1,
          null,
          null,
          null,
          1,
          1,
          null,
          1,
          1,
          1,
          1,
          null,
          null,
          null
        ]
      },
      "/Users/wufengjin/Desktop/ServiceSecurity/DramaConnect/spec/intergration/api_drama_lists_spec.rb": {
        "lines": [
          null,
          null,
          1,
          null,
          1,
          1,
          null,
          1,
          11,
          11,
          11,
          null,
          11,
          11,
          null,
          11,
          null,
          1,
          1,
          1,
          4,
          4,
          null,
          1,
          1,
          1,
          1,
          null,
          1,
          1,
          null,
          null,
          1,
          1,
          1,
          1,
          1,
          null,
          null,
          1,
          1,
          1,
          1,
          1,
          1,
          null,
          null,
          1,
          1,
          1,
          null,
          1,
          1,
          null,
          null,
          null,
          null,
          1,
          1,
          null,
          1,
          1,
          1,
          null,
          1,
          1,
          1,
          null,
          null,
          1,
          1,
          1,
          null,
          1,
          null,
          null,
          null,
          null,
          null,
          null,
          null,
          1,
          1,
          null,
          1,
          1,
          1,
          null,
          1,
          1,
          null,
          null,
          1,
          1,
          1,
          null,
          1,
          1,
          null,
          null,
          1,
          1,
          null,
          1,
          1,
          null,
          null,
          3,
          null,
          1,
          null,
          null,
          1,
          1,
          1,
          1,
          null,
          1,
          1,
          null,
          1,
          1,
          null,
          null,
          1,
          1,
          null,
          1,
          null,
          1,
          1,
          1,
          null,
          null,
          1,
          1,
          1,
          null,
          1,
          1,
          null,
          1,
          1,
          null,
          null,
          null
        ]
      },
      "/Users/wufengjin/Desktop/ServiceSecurity/DramaConnect/spec/intergration/api_dramas_spec.rb": {
        "lines": [
          null,
          null,
          1,
          null,
          1,
          1,
          null,
          1,
          10,
          null,
          10,
          10,
          null,
          10,
          10,
          10,
          10,
          10,
          null,
          null,
          1,
          1,
          1,
          1,
          1,
          1,
          1,
          1,
          1,
          1,
          1,
          null,
          1,
          1,
          1,
          1,
          1,
          1,
          1,
          null,
          null,
          1,
          1,
          1,
          1,
          1,
          1,
          1,
          1,
          null,
          null,
          1,
          1,
          1,
          1,
          1,
          1,
          null,
          1,
          1,
          null,
          null,
          1,
          1,
          1,
          1,
          null,
          1,
          1,
          1,
          null,
          1,
          1,
          null,
          null,
          1,
          1,
          1,
          null,
          1,
          null,
          null,
          null,
          1,
          1,
          4,
          4,
          null,
          null,
          1,
          1,
          1,
          1,
          1,
          null,
          1,
          1,
          null,
          1,
          1,
          1,
          null,
          null,
          1,
          1,
          1,
          null,
          1,
          null,
          1,
          1,
          1,
          null,
          null,
          1,
          1,
          null,
          1,
          null,
          1,
          1,
          1,
          null,
          null,
          1,
          1,
          1,
          1,
          1,
          null,
          1,
          1,
          1,
          1,
          null,
          null,
          null
        ]
      },
      "/Users/wufengjin/Desktop/ServiceSecurity/DramaConnect/spec/intergration/api_spec.rb": {
        "lines": [
          null,
          null,
          1,
          null,
          1,
          1,
          1,
          1,
          1,
          null,
          null,
          null
        ]
      },
      "/Users/wufengjin/Desktop/ServiceSecurity/DramaConnect/spec/intergration/api_visitors_spec.rb": {
        "lines": [
          null,
          null,
          1,
          null,
          1,
          1,
          null,
          1,
          6,
          null,
          6,
          6,
          6,
          null,
          6,
          6,
          6,
          null,
          6,
          null,
          6,
          null,
          null,
          1,
          1,
          1,
          null,
          1,
          1,
          null,
          1,
          null,
          1,
          1,
          null,
          null,
          1,
          1,
          null,
          1,
          1,
          null,
          1,
          1,
          null,
          null,
          1,
          1,
          null,
          1,
          1,
          1,
          null,
          1,
          1,
          null,
          null,
          null,
          1,
          1,
          1,
          1,
          null,
          1,
          1,
          null,
          1,
          null,
          null,
          1,
          1,
          1,
          null,
          1,
          null,
          1,
          null,
          null,
          1,
          1,
          null,
          1,
          1,
          null,
          1,
          null,
          null,
          null
        ]
      },
      "/Users/wufengjin/Desktop/ServiceSecurity/DramaConnect/spec/intergration/service_add_visitor_spec.rb": {
        "lines": [
          null,
          null,
          1,
          null,
          1,
          1,
          2,
          null,
          2,
          6,
          null,
          null,
          2,
          null,
          2,
          2,
          2,
          2,
          null,
          null,
          1,
          1,
          null,
          1,
          null,
          null,
          null,
          null,
          null,
          1,
          1,
          null,
          null,
          1,
          1,
          null,
          null,
          null,
          1,
          1,
          null,
          null,
          null,
          null,
          null,
          null,
          null
        ]
      },
      "/Users/wufengjin/Desktop/ServiceSecurity/DramaConnect/spec/unit/auth_scope_spec.rb": {
        "lines": [
          null,
          null,
          1,
          null,
          1,
          1,
          null,
          1,
          1,
          1,
          1,
          1,
          1,
          null,
          null,
          1,
          1,
          1,
          1,
          1,
          1,
          null,
          null,
          1,
          1,
          1,
          1,
          1,
          1,
          null,
          null,
          1,
          1,
          1,
          1,
          1,
          1,
          1,
          1,
          null,
          null
        ]
      },
      "/Users/wufengjin/Desktop/ServiceSecurity/DramaConnect/spec/unit/drama_spec.rb": {
        "lines": [
          null,
          null,
          1,
          null,
          1,
          1,
          3,
          null,
          3,
          6,
          null,
          null,
          null,
          1,
          1,
          1,
          1,
          null,
          1,
          1,
          1,
          null,
          null,
          1,
          1,
          1,
          1,
          null,
          1,
          null,
          null,
          1,
          1,
          1,
          1,
          1,
          null,
          1,
          1,
          null,
          null
        ]
      },
      "/Users/wufengjin/Desktop/ServiceSecurity/DramaConnect/spec/unit/password_spec.rb": {
        "lines": [
          null,
          null,
          1,
          null,
          1,
          1,
          1,
          1,
          null,
          1,
          null,
          null,
          1,
          1,
          1,
          null,
          1,
          1,
          null,
          null,
          1,
          1,
          1,
          1,
          null,
          1,
          1,
          null,
          null
        ]
      },
      "/Users/wufengjin/Desktop/ServiceSecurity/DramaConnect/spec/unit/secure_db_spec.rb": {
        "lines": [
          null,
          null,
          1,
          null,
          1,
          1,
          1,
          1,
          1,
          null,
          null,
          1,
          1,
          1,
          1,
          1,
          null,
          null,
          1,
          1,
          1,
          1,
          1,
          null,
          null
        ]
      }
    },
    "timestamp": 1687009736
  }
}
